2017-05-05 11:33:30,110 [Worker-77] INFO  o.e.m.c.i.p.ProjectConfigurationManager - Collecting project info '/pom.xml' C:\Users\Stagiaire\workspaceWebServiceRest\ClientJavaRESTMaven\pom.xml
2017-05-05 11:33:34,182 [Worker-77] INFO  o.e.m.c.i.l.LifecycleMappingFactory - Using org.eclipse.m2e.jdt.JarLifecycleMapping lifecycle mapping for MavenProject: com.huios:ClientJavaRESTMaven:0.0.1-SNAPSHOT @ C:\Users\Stagiaire\workspaceWebServiceRest\ClientJavaRESTMaven\pom.xml.
2017-05-05 11:33:35,673 [Worker-77] INFO  o.e.m.j.i.AbstractJavaProjectConfigurator - Adding source folder /ClientJavaRESTMaven/src/main/java
2017-05-05 11:33:35,682 [Worker-77] INFO  o.e.m.j.i.AbstractJavaProjectConfigurator - Adding source folder /ClientJavaRESTMaven/src/test/java
2017-05-05 11:33:35,816 [Worker-77] INFO  o.e.m.c.i.p.ProjectConfigurationManager - Imported and configured 1 project(s) in 5 sec
2017-05-05 11:33:36,173 [Worker-75] INFO  o.e.m.c.i.embedder.EclipseLogger - Using 'UTF-8' encoding to copy filtered resources.
2017-05-05 11:33:36,174 [Worker-75] INFO  o.e.m.c.i.embedder.EclipseLogger - skip non existing resourceDirectory C:\Users\Stagiaire\workspaceWebServiceRest\ClientJavaRESTMaven\src\main\resources
2017-05-05 11:33:36,176 [Worker-75] INFO  o.e.m.c.i.embedder.EclipseLogger - Using 'UTF-8' encoding to copy filtered resources.
2017-05-05 11:33:36,176 [Worker-75] INFO  o.e.m.c.i.embedder.EclipseLogger - skip non existing resourceDirectory C:\Users\Stagiaire\workspaceWebServiceRest\ClientJavaRESTMaven\src\test\resources
2017-05-05 11:35:47,973 [Worker-80] INFO  o.e.m.c.i.l.LifecycleMappingFactory - Using org.eclipse.m2e.jdt.JarLifecycleMapping lifecycle mapping for MavenProject: com.huios:ClientJavaRESTMaven:0.0.1-SNAPSHOT @ C:\Users\Stagiaire\workspaceWebServiceRest\ClientJavaRESTMaven\pom.xml.
2017-05-05 11:35:48,431 [Worker-80] INFO  o.e.m.c.i.e.AbstractTransferListenerAdapter - Downloading https://repo.maven.apache.org/maven2/org/glassfish/jersey/core/jersey-client/2.25.1/jersey-client-2.25.1.pom
2017-05-05 11:35:48,591 [Worker-80] INFO  o.e.m.c.i.e.AbstractTransferListenerAdapter - Downloaded https://repo.maven.apache.org/maven2/org/glassfish/jersey/core/jersey-client/2.25.1/jersey-client-2.25.1.pom
2017-05-05 11:35:48,639 [Worker-80] INFO  o.e.m.c.i.e.AbstractTransferListenerAdapter - Downloading https://repo.maven.apache.org/maven2/org/glassfish/jersey/project/2.25.1/project-2.25.1.pom
2017-05-05 11:35:48,749 [Worker-80] INFO  o.e.m.c.i.e.AbstractTransferListenerAdapter - Downloaded https://repo.maven.apache.org/maven2/org/glassfish/jersey/project/2.25.1/project-2.25.1.pom
2017-05-05 11:35:48,916 [Worker-80] INFO  o.e.m.c.i.e.AbstractTransferListenerAdapter - Downloading https://repo.maven.apache.org/maven2/org/glassfish/hk2/hk2-bom/2.5.0-b32/hk2-bom-2.5.0-b32.pom
2017-05-05 11:35:48,962 [Worker-80] INFO  o.e.m.c.i.e.AbstractTransferListenerAdapter - Downloaded https://repo.maven.apache.org/maven2/org/glassfish/hk2/hk2-bom/2.5.0-b32/hk2-bom-2.5.0-b32.pom
2017-05-05 11:35:49,011 [Worker-80] INFO  o.e.m.c.i.e.AbstractTransferListenerAdapter - Downloading https://repo.maven.apache.org/maven2/net/java/jvnet-parent/5/jvnet-parent-5.pom
2017-05-05 11:35:49,054 [Worker-80] INFO  o.e.m.c.i.e.AbstractTransferListenerAdapter - Downloaded https://repo.maven.apache.org/maven2/net/java/jvnet-parent/5/jvnet-parent-5.pom
2017-05-05 11:35:49,114 [Worker-80] INFO  o.e.m.c.i.e.AbstractTransferListenerAdapter - Downloading https://repo.maven.apache.org/maven2/javax/ws/rs/javax.ws.rs-api/2.0.1/javax.ws.rs-api-2.0.1.pom
2017-05-05 11:35:49,161 [Worker-80] INFO  o.e.m.c.i.e.AbstractTransferListenerAdapter - Downloaded https://repo.maven.apache.org/maven2/javax/ws/rs/javax.ws.rs-api/2.0.1/javax.ws.rs-api-2.0.1.pom
2017-05-05 11:35:49,211 [Worker-80] INFO  o.e.m.c.i.e.AbstractTransferListenerAdapter - Downloading https://repo.maven.apache.org/maven2/org/glassfish/jersey/core/jersey-common/2.25.1/jersey-common-2.25.1.pom
2017-05-05 11:35:49,255 [Worker-80] INFO  o.e.m.c.i.e.AbstractTransferListenerAdapter - Downloaded https://repo.maven.apache.org/maven2/org/glassfish/jersey/core/jersey-common/2.25.1/jersey-common-2.25.1.pom
2017-05-05 11:35:49,375 [Worker-80] INFO  o.e.m.c.i.e.AbstractTransferListenerAdapter - Downloading https://repo.maven.apache.org/maven2/org/glassfish/jersey/bundles/repackaged/jersey-guava/2.25.1/jersey-guava-2.25.1.pom
2017-05-05 11:35:49,418 [Worker-80] INFO  o.e.m.c.i.e.AbstractTransferListenerAdapter - Downloaded https://repo.maven.apache.org/maven2/org/glassfish/jersey/bundles/repackaged/jersey-guava/2.25.1/jersey-guava-2.25.1.pom
2017-05-05 11:35:49,464 [Worker-80] INFO  o.e.m.c.i.e.AbstractTransferListenerAdapter - Downloading https://repo.maven.apache.org/maven2/org/glassfish/jersey/bundles/repackaged/project/2.25.1/project-2.25.1.pom
2017-05-05 11:35:49,508 [Worker-80] INFO  o.e.m.c.i.e.AbstractTransferListenerAdapter - Downloaded https://repo.maven.apache.org/maven2/org/glassfish/jersey/bundles/repackaged/project/2.25.1/project-2.25.1.pom
2017-05-05 11:35:49,551 [Worker-80] INFO  o.e.m.c.i.e.AbstractTransferListenerAdapter - Downloading https://repo.maven.apache.org/maven2/org/glassfish/jersey/bundles/project/2.25.1/project-2.25.1.pom
2017-05-05 11:35:49,597 [Worker-80] INFO  o.e.m.c.i.e.AbstractTransferListenerAdapter - Downloaded https://repo.maven.apache.org/maven2/org/glassfish/jersey/bundles/project/2.25.1/project-2.25.1.pom
2017-05-05 11:35:49,646 [Worker-80] INFO  o.e.m.c.i.e.AbstractTransferListenerAdapter - Downloading https://repo.maven.apache.org/maven2/org/glassfish/hk2/hk2-api/2.5.0-b32/hk2-api-2.5.0-b32.pom
2017-05-05 11:35:49,692 [Worker-80] INFO  o.e.m.c.i.e.AbstractTransferListenerAdapter - Downloaded https://repo.maven.apache.org/maven2/org/glassfish/hk2/hk2-api/2.5.0-b32/hk2-api-2.5.0-b32.pom
2017-05-05 11:35:49,736 [Worker-80] INFO  o.e.m.c.i.e.AbstractTransferListenerAdapter - Downloading https://repo.maven.apache.org/maven2/org/glassfish/hk2/hk2-parent/2.5.0-b32/hk2-parent-2.5.0-b32.pom
2017-05-05 11:35:49,807 [Worker-80] INFO  o.e.m.c.i.e.AbstractTransferListenerAdapter - Downloaded https://repo.maven.apache.org/maven2/org/glassfish/hk2/hk2-parent/2.5.0-b32/hk2-parent-2.5.0-b32.pom
2017-05-05 11:35:50,012 [Worker-80] INFO  o.e.m.c.i.e.AbstractTransferListenerAdapter - Downloading https://repo.maven.apache.org/maven2/org/glassfish/hk2/hk2-utils/2.5.0-b32/hk2-utils-2.5.0-b32.pom
2017-05-05 11:35:50,062 [Worker-80] INFO  o.e.m.c.i.e.AbstractTransferListenerAdapter - Downloaded https://repo.maven.apache.org/maven2/org/glassfish/hk2/hk2-utils/2.5.0-b32/hk2-utils-2.5.0-b32.pom
2017-05-05 11:35:50,110 [Worker-80] INFO  o.e.m.c.i.e.AbstractTransferListenerAdapter - Downloading https://repo.maven.apache.org/maven2/org/glassfish/hk2/external/aopalliance-repackaged/2.5.0-b32/aopalliance-repackaged-2.5.0-b32.pom
2017-05-05 11:35:50,233 [Worker-80] INFO  o.e.m.c.i.e.AbstractTransferListenerAdapter - Downloaded https://repo.maven.apache.org/maven2/org/glassfish/hk2/external/aopalliance-repackaged/2.5.0-b32/aopalliance-repackaged-2.5.0-b32.pom
2017-05-05 11:35:50,279 [Worker-80] INFO  o.e.m.c.i.e.AbstractTransferListenerAdapter - Downloading https://repo.maven.apache.org/maven2/org/glassfish/hk2/external/2.5.0-b32/external-2.5.0-b32.pom
2017-05-05 11:35:50,327 [Worker-80] INFO  o.e.m.c.i.e.AbstractTransferListenerAdapter - Downloaded https://repo.maven.apache.org/maven2/org/glassfish/hk2/external/2.5.0-b32/external-2.5.0-b32.pom
2017-05-05 11:35:50,373 [Worker-80] INFO  o.e.m.c.i.e.AbstractTransferListenerAdapter - Downloading https://repo.maven.apache.org/maven2/org/glassfish/hk2/external/javax.inject/2.5.0-b32/javax.inject-2.5.0-b32.pom
2017-05-05 11:35:50,444 [Worker-80] INFO  o.e.m.c.i.e.AbstractTransferListenerAdapter - Downloaded https://repo.maven.apache.org/maven2/org/glassfish/hk2/external/javax.inject/2.5.0-b32/javax.inject-2.5.0-b32.pom
2017-05-05 11:35:50,492 [Worker-80] INFO  o.e.m.c.i.e.AbstractTransferListenerAdapter - Downloading https://repo.maven.apache.org/maven2/org/glassfish/hk2/hk2-locator/2.5.0-b32/hk2-locator-2.5.0-b32.pom
2017-05-05 11:35:50,535 [Worker-80] INFO  o.e.m.c.i.e.AbstractTransferListenerAdapter - Downloaded https://repo.maven.apache.org/maven2/org/glassfish/hk2/hk2-locator/2.5.0-b32/hk2-locator-2.5.0-b32.pom
2017-05-05 11:35:50,603 [Worker-80] INFO  o.e.m.c.i.e.AbstractTransferListenerAdapter - Downloading https://repo.maven.apache.org/maven2/org/glassfish/hk2/osgi-resource-locator/1.0.1/osgi-resource-locator-1.0.1.pom
2017-05-05 11:35:50,647 [Worker-80] INFO  o.e.m.c.i.e.AbstractTransferListenerAdapter - Downloaded https://repo.maven.apache.org/maven2/org/glassfish/hk2/osgi-resource-locator/1.0.1/osgi-resource-locator-1.0.1.pom
2017-05-05 11:35:50,693 [Worker-80] INFO  o.e.m.c.i.e.AbstractTransferListenerAdapter - Downloading https://repo.maven.apache.org/maven2/org/glassfish/pom/8/pom-8.pom
2017-05-05 11:35:50,737 [Worker-80] INFO  o.e.m.c.i.e.AbstractTransferListenerAdapter - Downloaded https://repo.maven.apache.org/maven2/org/glassfish/pom/8/pom-8.pom
2017-05-05 11:35:50,790 [Worker-80] INFO  o.e.m.c.i.e.AbstractTransferListenerAdapter - Downloading https://repo.maven.apache.org/maven2/org/glassfish/jersey/core/jersey-client/2.25.1/jersey-client-2.25.1.jar
2017-05-05 11:35:50,886 [Worker-80] INFO  o.e.m.c.i.e.AbstractTransferListenerAdapter - Downloaded https://repo.maven.apache.org/maven2/org/glassfish/jersey/core/jersey-client/2.25.1/jersey-client-2.25.1.jar
2017-05-05 11:35:50,923 [Worker-80] INFO  o.e.m.c.i.e.AbstractTransferListenerAdapter - Downloading https://repo.maven.apache.org/maven2/javax/ws/rs/javax.ws.rs-api/2.0.1/javax.ws.rs-api-2.0.1.jar
2017-05-05 11:35:50,985 [Worker-80] INFO  o.e.m.c.i.e.AbstractTransferListenerAdapter - Downloaded https://repo.maven.apache.org/maven2/javax/ws/rs/javax.ws.rs-api/2.0.1/javax.ws.rs-api-2.0.1.jar
2017-05-05 11:35:51,023 [Worker-80] INFO  o.e.m.c.i.e.AbstractTransferListenerAdapter - Downloading https://repo.maven.apache.org/maven2/org/glassfish/jersey/core/jersey-common/2.25.1/jersey-common-2.25.1.jar
2017-05-05 11:35:51,218 [Worker-80] INFO  o.e.m.c.i.e.AbstractTransferListenerAdapter - Downloaded https://repo.maven.apache.org/maven2/org/glassfish/jersey/core/jersey-common/2.25.1/jersey-common-2.25.1.jar
2017-05-05 11:35:51,259 [Worker-80] INFO  o.e.m.c.i.e.AbstractTransferListenerAdapter - Downloading https://repo.maven.apache.org/maven2/org/glassfish/jersey/bundles/repackaged/jersey-guava/2.25.1/jersey-guava-2.25.1.jar
2017-05-05 11:35:51,520 [Worker-80] INFO  o.e.m.c.i.e.AbstractTransferListenerAdapter - Downloaded https://repo.maven.apache.org/maven2/org/glassfish/jersey/bundles/repackaged/jersey-guava/2.25.1/jersey-guava-2.25.1.jar
2017-05-05 11:35:51,556 [Worker-80] INFO  o.e.m.c.i.e.AbstractTransferListenerAdapter - Downloading https://repo.maven.apache.org/maven2/org/glassfish/hk2/osgi-resource-locator/1.0.1/osgi-resource-locator-1.0.1.jar
2017-05-05 11:35:51,665 [Worker-80] INFO  o.e.m.c.i.e.AbstractTransferListenerAdapter - Downloaded https://repo.maven.apache.org/maven2/org/glassfish/hk2/osgi-resource-locator/1.0.1/osgi-resource-locator-1.0.1.jar
2017-05-05 11:35:51,702 [Worker-80] INFO  o.e.m.c.i.e.AbstractTransferListenerAdapter - Downloading https://repo.maven.apache.org/maven2/org/glassfish/hk2/hk2-api/2.5.0-b32/hk2-api-2.5.0-b32.jar
2017-05-05 11:35:51,780 [Worker-80] INFO  o.e.m.c.i.e.AbstractTransferListenerAdapter - Downloaded https://repo.maven.apache.org/maven2/org/glassfish/hk2/hk2-api/2.5.0-b32/hk2-api-2.5.0-b32.jar
2017-05-05 11:35:51,813 [Worker-80] INFO  o.e.m.c.i.e.AbstractTransferListenerAdapter - Downloading https://repo.maven.apache.org/maven2/org/glassfish/hk2/hk2-utils/2.5.0-b32/hk2-utils-2.5.0-b32.jar
2017-05-05 11:35:51,880 [Worker-80] INFO  o.e.m.c.i.e.AbstractTransferListenerAdapter - Downloaded https://repo.maven.apache.org/maven2/org/glassfish/hk2/hk2-utils/2.5.0-b32/hk2-utils-2.5.0-b32.jar
2017-05-05 11:35:51,917 [Worker-80] INFO  o.e.m.c.i.e.AbstractTransferListenerAdapter - Downloading https://repo.maven.apache.org/maven2/org/glassfish/hk2/external/aopalliance-repackaged/2.5.0-b32/aopalliance-repackaged-2.5.0-b32.jar
2017-05-05 11:35:52,057 [Worker-80] INFO  o.e.m.c.i.e.AbstractTransferListenerAdapter - Downloaded https://repo.maven.apache.org/maven2/org/glassfish/hk2/external/aopalliance-repackaged/2.5.0-b32/aopalliance-repackaged-2.5.0-b32.jar
2017-05-05 11:35:52,090 [Worker-80] INFO  o.e.m.c.i.e.AbstractTransferListenerAdapter - Downloading https://repo.maven.apache.org/maven2/org/glassfish/hk2/external/javax.inject/2.5.0-b32/javax.inject-2.5.0-b32.jar
2017-05-05 11:35:52,159 [Worker-80] INFO  o.e.m.c.i.e.AbstractTransferListenerAdapter - Downloaded https://repo.maven.apache.org/maven2/org/glassfish/hk2/external/javax.inject/2.5.0-b32/javax.inject-2.5.0-b32.jar
2017-05-05 11:35:52,193 [Worker-80] INFO  o.e.m.c.i.e.AbstractTransferListenerAdapter - Downloading https://repo.maven.apache.org/maven2/org/glassfish/hk2/hk2-locator/2.5.0-b32/hk2-locator-2.5.0-b32.jar
2017-05-05 11:35:52,274 [Worker-80] INFO  o.e.m.c.i.e.AbstractTransferListenerAdapter - Downloaded https://repo.maven.apache.org/maven2/org/glassfish/hk2/hk2-locator/2.5.0-b32/hk2-locator-2.5.0-b32.jar
2017-05-05 11:35:54,147 [Worker-80] INFO  o.e.m.c.i.embedder.EclipseLogger - Using 'UTF-8' encoding to copy filtered resources.
2017-05-05 11:35:54,147 [Worker-80] INFO  o.e.m.c.i.embedder.EclipseLogger - skip non existing resourceDirectory C:\Users\Stagiaire\workspaceWebServiceRest\ClientJavaRESTMaven\src\main\resources
2017-05-05 11:35:54,154 [Worker-80] INFO  o.e.m.c.i.embedder.EclipseLogger - Using 'UTF-8' encoding to copy filtered resources.
2017-05-05 11:35:54,160 [Worker-80] INFO  o.e.m.c.i.embedder.EclipseLogger - skip non existing resourceDirectory C:\Users\Stagiaire\workspaceWebServiceRest\ClientJavaRESTMaven\src\test\resources
2017-05-05 11:35:55,750 [Worker-80] INFO  o.e.m.c.i.embedder.EclipseLogger - Using 'UTF-8' encoding to copy filtered resources.
2017-05-05 11:35:55,750 [Worker-80] INFO  o.e.m.c.i.embedder.EclipseLogger - skip non existing resourceDirectory C:\Users\Stagiaire\workspaceWebServiceRest\ClientJavaRESTMaven\src\main\resources
2017-05-05 11:35:55,760 [Worker-80] INFO  o.e.m.c.i.embedder.EclipseLogger - Using 'UTF-8' encoding to copy filtered resources.
2017-05-05 11:35:55,766 [Worker-80] INFO  o.e.m.c.i.embedder.EclipseLogger - skip non existing resourceDirectory C:\Users\Stagiaire\workspaceWebServiceRest\ClientJavaRESTMaven\src\test\resources
2017-05-05 11:36:01,954 [Worker-75] INFO  o.e.m.c.i.p.ProjectConfigurationManager - Update started
2017-05-05 11:36:02,404 [Worker-75] INFO  o.e.m.c.i.l.LifecycleMappingFactory - Using org.eclipse.m2e.jdt.JarLifecycleMapping lifecycle mapping for MavenProject: com.huios:ClientJavaRESTMaven:0.0.1-SNAPSHOT @ C:\Users\Stagiaire\workspaceWebServiceRest\ClientJavaRESTMaven\pom.xml.
2017-05-05 11:36:02,621 [Worker-75] INFO  o.e.m.j.i.AbstractJavaProjectConfigurator - Adding source folder /ClientJavaRESTMaven/src/main/java
2017-05-05 11:36:02,628 [Worker-75] INFO  o.e.m.j.i.AbstractJavaProjectConfigurator - Adding source folder /ClientJavaRESTMaven/src/test/java
2017-05-05 11:36:02,737 [Worker-75] INFO  o.e.m.c.i.p.ProjectConfigurationManager - Update completed: 0 sec
2017-05-05 11:36:02,982 [Worker-83] INFO  o.e.m.c.i.embedder.EclipseLogger - Using 'UTF-8' encoding to copy filtered resources.
2017-05-05 11:36:02,987 [Worker-83] INFO  o.e.m.c.i.embedder.EclipseLogger - skip non existing resourceDirectory C:\Users\Stagiaire\workspaceWebServiceRest\ClientJavaRESTMaven\src\main\resources
2017-05-05 11:36:02,989 [Worker-83] INFO  o.e.m.c.i.embedder.EclipseLogger - Using 'UTF-8' encoding to copy filtered resources.
2017-05-05 11:36:03,001 [Worker-83] INFO  o.e.m.c.i.embedder.EclipseLogger - skip non existing resourceDirectory C:\Users\Stagiaire\workspaceWebServiceRest\ClientJavaRESTMaven\src\test\resources
2017-05-05 11:38:34,125 [Worker-84] INFO  o.e.m.c.i.l.LifecycleMappingFactory - Using org.eclipse.m2e.jdt.JarLifecycleMapping lifecycle mapping for MavenProject: com.huios:ClientJavaRESTMaven:0.0.1-SNAPSHOT @ C:\Users\Stagiaire\workspaceWebServiceRest\ClientJavaRESTMaven\pom.xml.
2017-05-05 11:38:34,402 [Worker-84] INFO  o.e.m.c.i.e.AbstractTransferListenerAdapter - Downloading https://repo.maven.apache.org/maven2/com/google/code/gson/gson/2.8.0/gson-2.8.0.pom
2017-05-05 11:38:34,476 [Worker-84] INFO  o.e.m.c.i.e.AbstractTransferListenerAdapter - Downloaded https://repo.maven.apache.org/maven2/com/google/code/gson/gson/2.8.0/gson-2.8.0.pom
2017-05-05 11:38:34,526 [Worker-84] INFO  o.e.m.c.i.e.AbstractTransferListenerAdapter - Downloading https://repo.maven.apache.org/maven2/com/google/code/gson/gson-parent/2.8.0/gson-parent-2.8.0.pom
2017-05-05 11:38:34,569 [Worker-84] INFO  o.e.m.c.i.e.AbstractTransferListenerAdapter - Downloaded https://repo.maven.apache.org/maven2/com/google/code/gson/gson-parent/2.8.0/gson-parent-2.8.0.pom
2017-05-05 11:38:34,637 [Worker-84] INFO  o.e.m.c.i.e.AbstractTransferListenerAdapter - Downloading https://repo.maven.apache.org/maven2/com/google/code/gson/gson/2.8.0/gson-2.8.0.jar
2017-05-05 11:38:34,840 [Worker-84] INFO  o.e.m.c.i.e.AbstractTransferListenerAdapter - Downloaded https://repo.maven.apache.org/maven2/com/google/code/gson/gson/2.8.0/gson-2.8.0.jar
2017-05-05 11:38:35,186 [Worker-84] INFO  o.e.m.c.i.embedder.EclipseLogger - Using 'UTF-8' encoding to copy filtered resources.
2017-05-05 11:38:35,186 [Worker-84] INFO  o.e.m.c.i.embedder.EclipseLogger - skip non existing resourceDirectory C:\Users\Stagiaire\workspaceWebServiceRest\ClientJavaRESTMaven\src\main\resources
2017-05-05 11:38:35,194 [Worker-84] INFO  o.e.m.c.i.embedder.EclipseLogger - Using 'UTF-8' encoding to copy filtered resources.
2017-05-05 11:38:35,194 [Worker-84] INFO  o.e.m.c.i.embedder.EclipseLogger - skip non existing resourceDirectory C:\Users\Stagiaire\workspaceWebServiceRest\ClientJavaRESTMaven\src\test\resources
2017-05-05 11:38:35,747 [Worker-85] INFO  o.e.m.c.i.embedder.EclipseLogger - Using 'UTF-8' encoding to copy filtered resources.
2017-05-05 11:38:35,748 [Worker-85] INFO  o.e.m.c.i.embedder.EclipseLogger - skip non existing resourceDirectory C:\Users\Stagiaire\workspaceWebServiceRest\ClientJavaRESTMaven\src\main\resources
2017-05-05 11:38:35,754 [Worker-85] INFO  o.e.m.c.i.embedder.EclipseLogger - Using 'UTF-8' encoding to copy filtered resources.
2017-05-05 11:38:35,754 [Worker-85] INFO  o.e.m.c.i.embedder.EclipseLogger - skip non existing resourceDirectory C:\Users\Stagiaire\workspaceWebServiceRest\ClientJavaRESTMaven\src\test\resources
2017-05-05 11:39:20,166 [Worker-86] INFO  o.e.m.c.i.embedder.EclipseLogger - Using 'UTF-8' encoding to copy filtered resources.
2017-05-05 11:39:20,166 [Worker-86] INFO  o.e.m.c.i.embedder.EclipseLogger - skip non existing resourceDirectory C:\Users\Stagiaire\workspaceWebServiceRest\ClientJavaRESTMaven\src\main\resources
2017-05-05 11:39:20,178 [Worker-86] INFO  o.e.m.c.i.embedder.EclipseLogger - Using 'UTF-8' encoding to copy filtered resources.
2017-05-05 11:39:20,186 [Worker-86] INFO  o.e.m.c.i.embedder.EclipseLogger - skip non existing resourceDirectory C:\Users\Stagiaire\workspaceWebServiceRest\ClientJavaRESTMaven\src\test\resources
2017-05-05 11:39:23,975 [Worker-73] INFO  o.e.m.c.i.embedder.EclipseLogger - Using 'UTF-8' encoding to copy filtered resources.
2017-05-05 11:39:23,975 [Worker-73] INFO  o.e.m.c.i.embedder.EclipseLogger - skip non existing resourceDirectory C:\Users\Stagiaire\workspaceWebServiceRest\ClientJavaRESTMaven\src\main\resources
2017-05-05 11:39:23,981 [Worker-73] INFO  o.e.m.c.i.embedder.EclipseLogger - Using 'UTF-8' encoding to copy filtered resources.
2017-05-05 11:39:23,986 [Worker-73] INFO  o.e.m.c.i.embedder.EclipseLogger - skip non existing resourceDirectory C:\Users\Stagiaire\workspaceWebServiceRest\ClientJavaRESTMaven\src\test\resources
2017-05-05 11:41:43,517 [Worker-84] INFO  o.e.m.c.i.l.LifecycleMappingFactory - Using org.eclipse.m2e.jdt.JarLifecycleMapping lifecycle mapping for MavenProject: com.huios:ClientJavaRESTMaven:0.0.1-SNAPSHOT @ C:\Users\Stagiaire\workspaceWebServiceRest\ClientJavaRESTMaven\pom.xml.
2017-05-05 11:41:43,781 [Worker-84] INFO  o.e.m.c.i.e.AbstractTransferListenerAdapter - Downloading https://repo.maven.apache.org/maven2/com/sun/jersey/jersey-client/1.18/jersey-client-1.18.pom
2017-05-05 11:41:43,842 [Worker-84] INFO  o.e.m.c.i.e.AbstractTransferListenerAdapter - Downloaded https://repo.maven.apache.org/maven2/com/sun/jersey/jersey-client/1.18/jersey-client-1.18.pom
2017-05-05 11:41:43,899 [Worker-84] INFO  o.e.m.c.i.e.AbstractTransferListenerAdapter - Downloading https://repo.maven.apache.org/maven2/com/sun/jersey/jersey-project/1.18/jersey-project-1.18.pom
2017-05-05 11:41:44,000 [Worker-84] INFO  o.e.m.c.i.e.AbstractTransferListenerAdapter - Downloaded https://repo.maven.apache.org/maven2/com/sun/jersey/jersey-project/1.18/jersey-project-1.18.pom
2017-05-05 11:41:44,047 [Worker-84] INFO  o.e.m.c.i.e.AbstractTransferListenerAdapter - Downloading https://repo.maven.apache.org/maven2/com/sun/jersey/jersey-core/1.18/jersey-core-1.18.pom
2017-05-05 11:41:44,095 [Worker-84] INFO  o.e.m.c.i.e.AbstractTransferListenerAdapter - Downloaded https://repo.maven.apache.org/maven2/com/sun/jersey/jersey-core/1.18/jersey-core-1.18.pom
2017-05-05 11:41:44,148 [Worker-84] INFO  o.e.m.c.i.e.AbstractTransferListenerAdapter - Downloading https://repo.maven.apache.org/maven2/com/sun/jersey/jersey-client/1.18/jersey-client-1.18.jar
2017-05-05 11:41:44,261 [Worker-84] INFO  o.e.m.c.i.e.AbstractTransferListenerAdapter - Downloaded https://repo.maven.apache.org/maven2/com/sun/jersey/jersey-client/1.18/jersey-client-1.18.jar
2017-05-05 11:41:44,297 [Worker-84] INFO  o.e.m.c.i.e.AbstractTransferListenerAdapter - Downloading https://repo.maven.apache.org/maven2/com/sun/jersey/jersey-core/1.18/jersey-core-1.18.jar
2017-05-05 11:41:44,524 [Worker-84] INFO  o.e.m.c.i.e.AbstractTransferListenerAdapter - Downloaded https://repo.maven.apache.org/maven2/com/sun/jersey/jersey-core/1.18/jersey-core-1.18.jar
2017-05-05 11:41:45,009 [Worker-84] INFO  o.e.m.c.i.embedder.EclipseLogger - Using 'UTF-8' encoding to copy filtered resources.
2017-05-05 11:41:45,009 [Worker-84] INFO  o.e.m.c.i.embedder.EclipseLogger - skip non existing resourceDirectory C:\Users\Stagiaire\workspaceWebServiceRest\ClientJavaRESTMaven\src\main\resources
2017-05-05 11:41:45,011 [Worker-84] INFO  o.e.m.c.i.embedder.EclipseLogger - Using 'UTF-8' encoding to copy filtered resources.
2017-05-05 11:41:45,016 [Worker-84] INFO  o.e.m.c.i.embedder.EclipseLogger - skip non existing resourceDirectory C:\Users\Stagiaire\workspaceWebServiceRest\ClientJavaRESTMaven\src\test\resources
2017-05-05 11:41:45,393 [Worker-79] INFO  o.e.m.c.i.embedder.EclipseLogger - Using 'UTF-8' encoding to copy filtered resources.
2017-05-05 11:41:45,393 [Worker-79] INFO  o.e.m.c.i.embedder.EclipseLogger - skip non existing resourceDirectory C:\Users\Stagiaire\workspaceWebServiceRest\ClientJavaRESTMaven\src\main\resources
2017-05-05 11:41:45,394 [Worker-79] INFO  o.e.m.c.i.embedder.EclipseLogger - Using 'UTF-8' encoding to copy filtered resources.
2017-05-05 11:41:45,399 [Worker-79] INFO  o.e.m.c.i.embedder.EclipseLogger - skip non existing resourceDirectory C:\Users\Stagiaire\workspaceWebServiceRest\ClientJavaRESTMaven\src\test\resources
2017-05-05 11:41:57,381 [Worker-75] INFO  o.e.m.c.i.l.LifecycleMappingFactory - Using org.eclipse.m2e.jdt.JarLifecycleMapping lifecycle mapping for MavenProject: com.huios:ClientJavaRESTMaven:0.0.1-SNAPSHOT @ C:\Users\Stagiaire\workspaceWebServiceRest\ClientJavaRESTMaven\pom.xml.
2017-05-05 11:41:57,593 [Worker-75] INFO  o.e.m.c.i.e.AbstractTransferListenerAdapter - Downloading https://repo.maven.apache.org/maven2/com/google/code/gson/gson/2.2.4/gson-2.2.4.pom
2017-05-05 11:41:57,638 [Worker-75] INFO  o.e.m.c.i.e.AbstractTransferListenerAdapter - Downloaded https://repo.maven.apache.org/maven2/com/google/code/gson/gson/2.2.4/gson-2.2.4.pom
2017-05-05 11:41:57,690 [Worker-75] INFO  o.e.m.c.i.e.AbstractTransferListenerAdapter - Downloading https://repo.maven.apache.org/maven2/com/google/code/gson/gson/2.2.4/gson-2.2.4.jar
2017-05-05 11:41:57,850 [Worker-75] INFO  o.e.m.c.i.e.AbstractTransferListenerAdapter - Downloaded https://repo.maven.apache.org/maven2/com/google/code/gson/gson/2.2.4/gson-2.2.4.jar
2017-05-05 11:41:58,179 [Worker-75] INFO  o.e.m.c.i.embedder.EclipseLogger - Using 'UTF-8' encoding to copy filtered resources.
2017-05-05 11:41:58,180 [Worker-75] INFO  o.e.m.c.i.embedder.EclipseLogger - skip non existing resourceDirectory C:\Users\Stagiaire\workspaceWebServiceRest\ClientJavaRESTMaven\src\main\resources
2017-05-05 11:41:58,186 [Worker-75] INFO  o.e.m.c.i.embedder.EclipseLogger - Using 'UTF-8' encoding to copy filtered resources.
2017-05-05 11:41:58,186 [Worker-75] INFO  o.e.m.c.i.embedder.EclipseLogger - skip non existing resourceDirectory C:\Users\Stagiaire\workspaceWebServiceRest\ClientJavaRESTMaven\src\test\resources
2017-05-05 11:41:59,474 [Worker-85] INFO  o.e.m.c.i.embedder.EclipseLogger - Using 'UTF-8' encoding to copy filtered resources.
2017-05-05 11:41:59,475 [Worker-85] INFO  o.e.m.c.i.embedder.EclipseLogger - skip non existing resourceDirectory C:\Users\Stagiaire\workspaceWebServiceRest\ClientJavaRESTMaven\src\main\resources
2017-05-05 11:41:59,480 [Worker-85] INFO  o.e.m.c.i.embedder.EclipseLogger - Using 'UTF-8' encoding to copy filtered resources.
2017-05-05 11:41:59,485 [Worker-85] INFO  o.e.m.c.i.embedder.EclipseLogger - skip non existing resourceDirectory C:\Users\Stagiaire\workspaceWebServiceRest\ClientJavaRESTMaven\src\test\resources
2017-05-05 11:42:04,609 [Worker-85] INFO  o.e.m.c.i.p.ProjectConfigurationManager - Update started
2017-05-05 11:42:04,907 [Worker-85] INFO  o.e.m.c.i.l.LifecycleMappingFactory - Using org.eclipse.m2e.jdt.JarLifecycleMapping lifecycle mapping for MavenProject: com.huios:ClientJavaRESTMaven:0.0.1-SNAPSHOT @ C:\Users\Stagiaire\workspaceWebServiceRest\ClientJavaRESTMaven\pom.xml.
2017-05-05 11:42:05,028 [Worker-85] INFO  o.e.m.j.i.AbstractJavaProjectConfigurator - Adding source folder /ClientJavaRESTMaven/src/main/java
2017-05-05 11:42:05,033 [Worker-85] INFO  o.e.m.j.i.AbstractJavaProjectConfigurator - Adding source folder /ClientJavaRESTMaven/src/test/java
2017-05-05 11:42:05,104 [Worker-85] INFO  o.e.m.c.i.p.ProjectConfigurationManager - Update completed: 0 sec
2017-05-05 11:42:05,289 [Worker-65] INFO  o.e.m.c.i.embedder.EclipseLogger - Using 'UTF-8' encoding to copy filtered resources.
2017-05-05 11:42:05,294 [Worker-65] INFO  o.e.m.c.i.embedder.EclipseLogger - skip non existing resourceDirectory C:\Users\Stagiaire\workspaceWebServiceRest\ClientJavaRESTMaven\src\main\resources
2017-05-05 11:42:05,297 [Worker-65] INFO  o.e.m.c.i.embedder.EclipseLogger - Using 'UTF-8' encoding to copy filtered resources.
2017-05-05 11:42:05,302 [Worker-65] INFO  o.e.m.c.i.embedder.EclipseLogger - skip non existing resourceDirectory C:\Users\Stagiaire\workspaceWebServiceRest\ClientJavaRESTMaven\src\test\resources
2017-05-05 11:46:16,520 [Worker-75] INFO  o.e.m.c.i.embedder.EclipseLogger - Using 'UTF-8' encoding to copy filtered resources.
2017-05-05 11:46:16,525 [Worker-75] INFO  o.e.m.c.i.embedder.EclipseLogger - skip non existing resourceDirectory C:\Users\Stagiaire\workspaceWebServiceRest\ClientJavaRESTMaven\src\main\resources
2017-05-05 11:46:16,531 [Worker-75] INFO  o.e.m.c.i.embedder.EclipseLogger - Using 'UTF-8' encoding to copy filtered resources.
2017-05-05 11:46:16,536 [Worker-75] INFO  o.e.m.c.i.embedder.EclipseLogger - skip non existing resourceDirectory C:\Users\Stagiaire\workspaceWebServiceRest\ClientJavaRESTMaven\src\test\resources
2017-05-05 11:46:23,843 [Worker-77] INFO  o.e.m.c.i.embedder.EclipseLogger - Using 'UTF-8' encoding to copy filtered resources.
2017-05-05 11:46:23,848 [Worker-77] INFO  o.e.m.c.i.embedder.EclipseLogger - skip non existing resourceDirectory C:\Users\Stagiaire\workspaceWebServiceRest\ClientJavaRESTMaven\src\main\resources
2017-05-05 11:46:23,853 [Worker-77] INFO  o.e.m.c.i.embedder.EclipseLogger - Using 'UTF-8' encoding to copy filtered resources.
2017-05-05 11:46:23,857 [Worker-77] INFO  o.e.m.c.i.embedder.EclipseLogger - skip non existing resourceDirectory C:\Users\Stagiaire\workspaceWebServiceRest\ClientJavaRESTMaven\src\test\resources
2017-05-05 11:48:07,013 [Worker-89] INFO  o.e.m.c.i.embedder.EclipseLogger - Using 'UTF-8' encoding to copy filtered resources.
2017-05-05 11:48:07,018 [Worker-89] INFO  o.e.m.c.i.embedder.EclipseLogger - skip non existing resourceDirectory C:\Users\Stagiaire\workspaceWebServiceRest\ClientJavaRESTMaven\src\main\resources
2017-05-05 11:48:07,023 [Worker-89] INFO  o.e.m.c.i.embedder.EclipseLogger - Using 'UTF-8' encoding to copy filtered resources.
2017-05-05 11:48:07,027 [Worker-89] INFO  o.e.m.c.i.embedder.EclipseLogger - skip non existing resourceDirectory C:\Users\Stagiaire\workspaceWebServiceRest\ClientJavaRESTMaven\src\test\resources
2017-05-05 11:50:59,518 [Worker-77] INFO  o.e.m.c.i.embedder.EclipseLogger - Using 'UTF-8' encoding to copy filtered resources.
2017-05-05 11:50:59,523 [Worker-77] INFO  o.e.m.c.i.embedder.EclipseLogger - skip non existing resourceDirectory C:\Users\Stagiaire\workspaceWebServiceRest\ClientJavaRESTMaven\src\main\resources
2017-05-05 11:50:59,529 [Worker-77] INFO  o.e.m.c.i.embedder.EclipseLogger - Using 'UTF-8' encoding to copy filtered resources.
2017-05-05 11:50:59,534 [Worker-77] INFO  o.e.m.c.i.embedder.EclipseLogger - skip non existing resourceDirectory C:\Users\Stagiaire\workspaceWebServiceRest\ClientJavaRESTMaven\src\test\resources
2017-05-05 11:54:57,961 [Worker-90] INFO  o.e.m.c.i.embedder.EclipseLogger - Using 'UTF-8' encoding to copy filtered resources.
2017-05-05 11:54:57,967 [Worker-90] INFO  o.e.m.c.i.embedder.EclipseLogger - skip non existing resourceDirectory C:\Users\Stagiaire\workspaceWebServiceRest\ClientJavaRESTMaven\src\main\resources
2017-05-05 11:54:57,973 [Worker-90] INFO  o.e.m.c.i.embedder.EclipseLogger - Using 'UTF-8' encoding to copy filtered resources.
2017-05-05 11:54:57,978 [Worker-90] INFO  o.e.m.c.i.embedder.EclipseLogger - skip non existing resourceDirectory C:\Users\Stagiaire\workspaceWebServiceRest\ClientJavaRESTMaven\src\test\resources
2017-05-19 11:16:46,588 [Worker-0] INFO  o.e.m.c.i.l.LifecycleMappingFactory - Using org.eclipse.m2e.jdt.JarLifecycleMapping lifecycle mapping for MavenProject: com.huios:ClientJavaRESTMaven:0.0.1-SNAPSHOT @ C:\Users\Stagiaire\workspaceWebServiceRest\ClientJavaRESTMaven\pom.xml.
2017-05-19 11:17:23,642 [Worker-4] INFO  o.e.m.c.i.embedder.EclipseLogger - Using 'UTF-8' encoding to copy filtered resources.
2017-05-19 11:17:23,643 [Worker-4] INFO  o.e.m.c.i.embedder.EclipseLogger - skip non existing resourceDirectory C:\Users\Stagiaire\workspaceWebServiceRest\ClientJavaRESTMaven\src\main\resources
2017-05-19 11:17:23,645 [Worker-4] INFO  o.e.m.c.i.embedder.EclipseLogger - Using 'UTF-8' encoding to copy filtered resources.
2017-05-19 11:17:23,646 [Worker-4] INFO  o.e.m.c.i.embedder.EclipseLogger - skip non existing resourceDirectory C:\Users\Stagiaire\workspaceWebServiceRest\ClientJavaRESTMaven\src\test\resources
