2017-04-20 13:51:52,101 [Worker-9] INFO  o.e.m.c.i.l.LifecycleMappingFactory - Using org.maven.ide.eclipse.wtp.WarLifecycleMapping lifecycle mapping for MavenProject: pjsf1:pjsf1:0.0.1-SNAPSHOT @ C:\formationjsf\pjsf1\pom.xml.
2017-04-20 13:51:52,414 [Worker-18] INFO  o.e.m.c.i.l.LifecycleMappingFactory - Using org.maven.ide.eclipse.wtp.WarLifecycleMapping lifecycle mapping for MavenProject: pjsf1:pjsf1:0.0.1-SNAPSHOT @ C:\formationjsf\pjsf1\pom.xml.
2017-04-20 13:51:55,612 [Worker-18] WARN  o.e.m.c.i.embedder.EclipseLogger - Using platform encoding (Cp1252 actually) to copy filtered resources, i.e. build is platform dependent!
2017-04-20 13:51:56,045 [Worker-18] INFO  o.e.m.c.i.embedder.EclipseLogger - skip non existing resourceDirectory C:\formationjsf\pjsf1\src\main\resources
2017-04-20 13:51:56,048 [Worker-18] WARN  o.e.m.c.i.embedder.EclipseLogger - Using platform encoding (Cp1252 actually) to copy filtered resources, i.e. build is platform dependent!
2017-04-20 13:51:56,054 [Worker-18] INFO  o.e.m.c.i.embedder.EclipseLogger - skip non existing resourceDirectory C:\formationjsf\pjsf1\src\test\resources
2017-04-20 13:51:58,186 [Worker-18] INFO  o.e.m.c.i.l.LifecycleMappingFactory - Using org.maven.ide.eclipse.wtp.WarLifecycleMapping lifecycle mapping for MavenProject: pjsf1:pjsf1:0.0.1-SNAPSHOT @ C:\formationjsf\pjsf1\pom.xml.
2017-04-20 13:52:00,701 [Worker-9] WARN  o.e.m.c.i.embedder.EclipseLogger - Using platform encoding (Cp1252 actually) to copy filtered resources, i.e. build is platform dependent!
2017-04-20 13:52:00,709 [Worker-9] INFO  o.e.m.c.i.embedder.EclipseLogger - skip non existing resourceDirectory C:\formationjsf\pjsf1\src\main\resources
2017-04-20 13:52:00,711 [Worker-9] WARN  o.e.m.c.i.embedder.EclipseLogger - Using platform encoding (Cp1252 actually) to copy filtered resources, i.e. build is platform dependent!
2017-04-20 13:52:00,718 [Worker-9] INFO  o.e.m.c.i.embedder.EclipseLogger - skip non existing resourceDirectory C:\formationjsf\pjsf1\src\test\resources
2017-04-20 13:52:24,715 [Worker-3] WARN  o.e.m.c.i.embedder.EclipseLogger - Using platform encoding (Cp1252 actually) to copy filtered resources, i.e. build is platform dependent!
2017-04-20 13:52:24,722 [Worker-3] INFO  o.e.m.c.i.embedder.EclipseLogger - skip non existing resourceDirectory C:\formationjsf\pjsf1\src\main\resources
2017-04-20 13:52:24,723 [Worker-3] WARN  o.e.m.c.i.embedder.EclipseLogger - Using platform encoding (Cp1252 actually) to copy filtered resources, i.e. build is platform dependent!
2017-04-20 13:52:24,731 [Worker-3] INFO  o.e.m.c.i.embedder.EclipseLogger - skip non existing resourceDirectory C:\formationjsf\pjsf1\src\test\resources
2017-04-20 13:55:22,927 [Worker-3] INFO  o.e.m.c.i.l.LifecycleMappingFactory - Using org.maven.ide.eclipse.wtp.WarLifecycleMapping lifecycle mapping for MavenProject: pjsf1:pjsf1:0.0.1-SNAPSHOT @ C:\formationjsf\pjsf1\pom.xml.
2017-04-20 13:55:25,238 [Worker-3] INFO  o.e.m.c.i.e.AbstractTransferListenerAdapter - Downloading https://repo.maven.apache.org/maven2/com/sun/faces/jsf-api/2.2.14/jsf-api-2.2.14.pom
2017-04-20 13:55:25,342 [Worker-3] INFO  o.e.m.c.i.e.AbstractTransferListenerAdapter - Downloaded https://repo.maven.apache.org/maven2/com/sun/faces/jsf-api/2.2.14/jsf-api-2.2.14.pom
2017-04-20 13:55:25,491 [Worker-3] INFO  o.e.m.c.i.e.AbstractTransferListenerAdapter - Downloading https://repo.maven.apache.org/maven2/com/sun/faces/jsf-api/2.2.14/jsf-api-2.2.14.jar
2017-04-20 13:55:26,645 [Worker-3] INFO  o.e.m.c.i.e.AbstractTransferListenerAdapter - Downloaded https://repo.maven.apache.org/maven2/com/sun/faces/jsf-api/2.2.14/jsf-api-2.2.14.jar
2017-04-20 13:55:27,802 [Worker-3] WARN  o.e.m.c.i.embedder.EclipseLogger - Using platform encoding (Cp1252 actually) to copy filtered resources, i.e. build is platform dependent!
2017-04-20 13:55:27,813 [Worker-3] INFO  o.e.m.c.i.embedder.EclipseLogger - skip non existing resourceDirectory C:\formationjsf\pjsf1\src\main\resources
2017-04-20 13:55:27,819 [Worker-3] WARN  o.e.m.c.i.embedder.EclipseLogger - Using platform encoding (Cp1252 actually) to copy filtered resources, i.e. build is platform dependent!
2017-04-20 13:55:27,825 [Worker-3] INFO  o.e.m.c.i.embedder.EclipseLogger - skip non existing resourceDirectory C:\formationjsf\pjsf1\src\test\resources
2017-04-20 13:55:27,830 [Worker-3] INFO  o.e.m.w.i.f.ResourceFilteringBuildParticipant - Changed resources require a complete clean of filtered resources of pjsf1
2017-04-20 13:55:27,831 [Worker-3] INFO  o.e.m.w.i.f.ResourceFilteringBuildParticipant - Executing resource filtering for pjsf1
2017-04-20 13:55:27,848 [Worker-3] WARN  o.e.m.c.i.embedder.EclipseLogger - Using platform encoding (Cp1252 actually) to copy filtered resources, i.e. build is platform dependent!
2017-04-20 13:55:29,188 [Worker-20] WARN  o.e.m.c.i.embedder.EclipseLogger - Using platform encoding (Cp1252 actually) to copy filtered resources, i.e. build is platform dependent!
2017-04-20 13:55:29,200 [Worker-20] INFO  o.e.m.c.i.embedder.EclipseLogger - skip non existing resourceDirectory C:\formationjsf\pjsf1\src\main\resources
2017-04-20 13:55:29,207 [Worker-20] WARN  o.e.m.c.i.embedder.EclipseLogger - Using platform encoding (Cp1252 actually) to copy filtered resources, i.e. build is platform dependent!
2017-04-20 13:55:29,249 [Worker-20] INFO  o.e.m.c.i.embedder.EclipseLogger - skip non existing resourceDirectory C:\formationjsf\pjsf1\src\test\resources
2017-04-20 13:56:50,932 [Worker-3] WARN  o.e.m.c.i.embedder.EclipseLogger - Using platform encoding (Cp1252 actually) to copy filtered resources, i.e. build is platform dependent!
2017-04-20 13:56:50,978 [Worker-3] INFO  o.e.m.c.i.embedder.EclipseLogger - skip non existing resourceDirectory C:\formationjsf\pjsf1\src\main\resources
2017-04-20 13:56:50,983 [Worker-3] WARN  o.e.m.c.i.embedder.EclipseLogger - Using platform encoding (Cp1252 actually) to copy filtered resources, i.e. build is platform dependent!
2017-04-20 13:56:51,010 [Worker-3] INFO  o.e.m.c.i.embedder.EclipseLogger - skip non existing resourceDirectory C:\formationjsf\pjsf1\src\test\resources
2017-04-20 14:00:02,499 [Worker-27] INFO  o.e.m.c.i.l.LifecycleMappingFactory - Using org.maven.ide.eclipse.wtp.WarLifecycleMapping lifecycle mapping for MavenProject: pjsf1:pjsf1:0.0.1-SNAPSHOT @ C:\formationjsf\pjsf1\pom.xml.
2017-04-20 14:00:02,776 [Worker-27] INFO  o.e.m.c.i.e.AbstractTransferListenerAdapter - Downloading https://repo.maven.apache.org/maven2/com/sun/faces/jsf-impl/2.2.14/jsf-impl-2.2.14.pom
2017-04-20 14:00:02,855 [Worker-27] INFO  o.e.m.c.i.e.AbstractTransferListenerAdapter - Downloaded https://repo.maven.apache.org/maven2/com/sun/faces/jsf-impl/2.2.14/jsf-impl-2.2.14.pom
2017-04-20 14:00:03,147 [Worker-27] INFO  o.e.m.c.i.e.AbstractTransferListenerAdapter - Downloading https://repo.maven.apache.org/maven2/com/sun/faces/jsf-impl/2.2.14/jsf-impl-2.2.14.jar
2017-04-20 14:00:03,737 [Worker-27] INFO  o.e.m.c.i.e.AbstractTransferListenerAdapter - Downloaded https://repo.maven.apache.org/maven2/com/sun/faces/jsf-impl/2.2.14/jsf-impl-2.2.14.jar
2017-04-20 14:00:04,551 [Worker-27] WARN  o.e.m.c.i.embedder.EclipseLogger - Using platform encoding (Cp1252 actually) to copy filtered resources, i.e. build is platform dependent!
2017-04-20 14:00:04,563 [Worker-27] INFO  o.e.m.c.i.embedder.EclipseLogger - skip non existing resourceDirectory C:\formationjsf\pjsf1\src\main\resources
2017-04-20 14:00:04,570 [Worker-27] WARN  o.e.m.c.i.embedder.EclipseLogger - Using platform encoding (Cp1252 actually) to copy filtered resources, i.e. build is platform dependent!
2017-04-20 14:00:04,579 [Worker-27] INFO  o.e.m.c.i.embedder.EclipseLogger - skip non existing resourceDirectory C:\formationjsf\pjsf1\src\test\resources
2017-04-20 14:00:04,584 [Worker-27] INFO  o.e.m.w.i.f.ResourceFilteringBuildParticipant - Changed resources require a complete clean of filtered resources of pjsf1
2017-04-20 14:00:04,584 [Worker-27] INFO  o.e.m.w.i.f.ResourceFilteringBuildParticipant - Executing resource filtering for pjsf1
2017-04-20 14:00:04,589 [Worker-27] WARN  o.e.m.c.i.embedder.EclipseLogger - Using platform encoding (Cp1252 actually) to copy filtered resources, i.e. build is platform dependent!
2017-04-20 14:00:05,905 [Worker-28] WARN  o.e.m.c.i.embedder.EclipseLogger - Using platform encoding (Cp1252 actually) to copy filtered resources, i.e. build is platform dependent!
2017-04-20 14:00:05,915 [Worker-28] INFO  o.e.m.c.i.embedder.EclipseLogger - skip non existing resourceDirectory C:\formationjsf\pjsf1\src\main\resources
2017-04-20 14:00:05,925 [Worker-28] WARN  o.e.m.c.i.embedder.EclipseLogger - Using platform encoding (Cp1252 actually) to copy filtered resources, i.e. build is platform dependent!
2017-04-20 14:00:05,936 [Worker-28] INFO  o.e.m.c.i.embedder.EclipseLogger - skip non existing resourceDirectory C:\formationjsf\pjsf1\src\test\resources
2017-04-20 14:05:02,618 [Worker-3] INFO  o.e.m.c.i.l.LifecycleMappingFactory - Using org.maven.ide.eclipse.wtp.WarLifecycleMapping lifecycle mapping for MavenProject: pjsf1:pjsf1:0.0.1-SNAPSHOT @ C:\Users\Stagiaire\workspaceJSF3\pjsf2\pom.xml.
2017-04-20 14:05:02,798 [Worker-3] WARN  o.e.m.c.i.embedder.EclipseLogger - Using platform encoding (Cp1252 actually) to copy filtered resources, i.e. build is platform dependent!
2017-04-20 14:05:02,833 [Worker-3] INFO  o.e.m.c.i.embedder.EclipseLogger - skip non existing resourceDirectory C:\Users\Stagiaire\workspaceJSF3\pjsf2\src\main\resources
2017-04-20 14:05:02,839 [Worker-3] WARN  o.e.m.c.i.embedder.EclipseLogger - Using platform encoding (Cp1252 actually) to copy filtered resources, i.e. build is platform dependent!
2017-04-20 14:05:02,846 [Worker-3] INFO  o.e.m.c.i.embedder.EclipseLogger - skip non existing resourceDirectory C:\Users\Stagiaire\workspaceJSF3\pjsf2\src\test\resources
2017-04-20 14:05:05,514 [Worker-3] WARN  o.e.m.c.i.embedder.EclipseLogger - Using platform encoding (Cp1252 actually) to copy filtered resources, i.e. build is platform dependent!
2017-04-20 14:05:05,520 [Worker-3] INFO  o.e.m.c.i.embedder.EclipseLogger - skip non existing resourceDirectory C:\Users\Stagiaire\workspaceJSF3\pjsf2\src\main\resources
2017-04-20 14:05:05,521 [Worker-3] WARN  o.e.m.c.i.embedder.EclipseLogger - Using platform encoding (Cp1252 actually) to copy filtered resources, i.e. build is platform dependent!
2017-04-20 14:05:05,527 [Worker-3] INFO  o.e.m.c.i.embedder.EclipseLogger - skip non existing resourceDirectory C:\Users\Stagiaire\workspaceJSF3\pjsf2\src\test\resources
2017-04-20 14:06:02,778 [Worker-3] INFO  o.e.m.c.i.l.LifecycleMappingFactory - Using org.maven.ide.eclipse.wtp.WarLifecycleMapping lifecycle mapping for MavenProject: pjsf2:pjsf2:0.0.1-SNAPSHOT @ C:\formationjsf\pjsf1\pom.xml.
2017-04-20 14:06:03,208 [Worker-3] WARN  o.e.m.c.i.embedder.EclipseLogger - Using platform encoding (Cp1252 actually) to copy filtered resources, i.e. build is platform dependent!
2017-04-20 14:06:03,229 [Worker-3] INFO  o.e.m.c.i.embedder.EclipseLogger - skip non existing resourceDirectory C:\formationjsf\pjsf1\src\main\resources
2017-04-20 14:06:03,235 [Worker-3] WARN  o.e.m.c.i.embedder.EclipseLogger - Using platform encoding (Cp1252 actually) to copy filtered resources, i.e. build is platform dependent!
2017-04-20 14:06:03,268 [Worker-3] INFO  o.e.m.c.i.embedder.EclipseLogger - skip non existing resourceDirectory C:\formationjsf\pjsf1\src\test\resources
2017-04-20 14:06:03,269 [Worker-3] INFO  o.e.m.w.i.f.ResourceFilteringBuildParticipant - Changed resources require a complete clean of filtered resources of pjsf1
2017-04-20 14:06:03,269 [Worker-3] INFO  o.e.m.w.i.f.ResourceFilteringBuildParticipant - Executing resource filtering for pjsf1
2017-04-20 14:06:03,280 [Worker-3] WARN  o.e.m.c.i.embedder.EclipseLogger - Using platform encoding (Cp1252 actually) to copy filtered resources, i.e. build is platform dependent!
2017-04-20 14:06:04,014 [Worker-39] INFO  o.e.m.c.i.l.LifecycleMappingFactory - Using org.maven.ide.eclipse.wtp.WarLifecycleMapping lifecycle mapping for MavenProject: pjsf2:pjsf2:0.0.1-SNAPSHOT @ C:\Users\Stagiaire\workspaceJSF3\pjsf2\pom.xml.
2017-04-20 14:06:04,137 [Worker-39] WARN  o.e.m.c.i.embedder.EclipseLogger - Using platform encoding (Cp1252 actually) to copy filtered resources, i.e. build is platform dependent!
2017-04-20 14:06:04,142 [Worker-39] INFO  o.e.m.c.i.embedder.EclipseLogger - skip non existing resourceDirectory C:\Users\Stagiaire\workspaceJSF3\pjsf2\src\main\resources
2017-04-20 14:06:04,144 [Worker-39] WARN  o.e.m.c.i.embedder.EclipseLogger - Using platform encoding (Cp1252 actually) to copy filtered resources, i.e. build is platform dependent!
2017-04-20 14:06:04,155 [Worker-39] INFO  o.e.m.c.i.embedder.EclipseLogger - skip non existing resourceDirectory C:\Users\Stagiaire\workspaceJSF3\pjsf2\src\test\resources
2017-04-20 14:06:04,155 [Worker-39] INFO  o.e.m.w.i.f.ResourceFilteringBuildParticipant - Changed resources require a complete clean of filtered resources of pjsf2
2017-04-20 14:06:04,160 [Worker-39] INFO  o.e.m.w.i.f.ResourceFilteringBuildParticipant - Executing resource filtering for pjsf2
2017-04-20 14:06:04,165 [Worker-39] WARN  o.e.m.c.i.embedder.EclipseLogger - Using platform encoding (Cp1252 actually) to copy filtered resources, i.e. build is platform dependent!
2017-04-20 14:07:27,981 [Worker-33] INFO  o.e.m.c.i.p.ProjectConfigurationManager - Update started
2017-04-20 14:07:28,076 [Worker-33] INFO  o.e.m.c.i.l.LifecycleMappingFactory - Using org.maven.ide.eclipse.wtp.WarLifecycleMapping lifecycle mapping for MavenProject: pjsf2:pjsf2:0.0.1-SNAPSHOT @ C:\formationjsf\pjsf1\pom.xml.
2017-04-20 14:07:28,236 [Worker-33] INFO  o.e.m.j.i.AbstractJavaProjectConfigurator - Adding source folder /pjsf1/src
2017-04-20 14:07:28,236 [Worker-33] INFO  o.e.m.j.i.AbstractJavaProjectConfigurator - Not adding source folder /pjsf1/src/test/java because it overlaps with /pjsf1/src
2017-04-20 14:07:28,511 [Worker-33] INFO  o.e.m.w.i.f.ResourceFilteringBuildParticipant - Cleaning filtered folder for pjsf1
2017-04-20 14:07:28,519 [Worker-33] INFO  o.e.m.c.i.p.ProjectConfigurationManager - Update completed: 0 sec
2017-04-20 14:07:28,776 [Worker-37] WARN  o.e.m.c.i.embedder.EclipseLogger - Using platform encoding (Cp1252 actually) to copy filtered resources, i.e. build is platform dependent!
2017-04-20 14:07:28,801 [Worker-37] INFO  o.e.m.c.i.embedder.EclipseLogger - skip non existing resourceDirectory C:\formationjsf\pjsf1\src\main\resources
2017-04-20 14:07:28,815 [Worker-37] WARN  o.e.m.c.i.embedder.EclipseLogger - Using platform encoding (Cp1252 actually) to copy filtered resources, i.e. build is platform dependent!
2017-04-20 14:07:28,827 [Worker-37] INFO  o.e.m.c.i.embedder.EclipseLogger - skip non existing resourceDirectory C:\formationjsf\pjsf1\src\test\resources
2017-04-20 14:07:28,832 [Worker-37] INFO  o.e.m.w.i.f.ResourceFilteringBuildParticipant - Changed resources require a complete clean of filtered resources of pjsf1
2017-04-20 14:07:28,832 [Worker-37] INFO  o.e.m.w.i.f.ResourceFilteringBuildParticipant - Executing resource filtering for pjsf1
2017-04-20 14:07:28,849 [Worker-37] WARN  o.e.m.c.i.embedder.EclipseLogger - Using platform encoding (Cp1252 actually) to copy filtered resources, i.e. build is platform dependent!
2017-04-20 14:07:39,315 [Worker-38] INFO  o.e.m.c.i.p.ProjectConfigurationManager - Update started
2017-04-20 14:07:39,706 [Worker-38] INFO  o.e.m.c.i.l.LifecycleMappingFactory - Using org.maven.ide.eclipse.wtp.WarLifecycleMapping lifecycle mapping for MavenProject: pjsf2:pjsf2:0.0.1-SNAPSHOT @ C:\Users\Stagiaire\workspaceJSF3\pjsf2\pom.xml.
2017-04-20 14:07:39,945 [Worker-38] INFO  o.e.m.j.i.AbstractJavaProjectConfigurator - Adding source folder /pjsf2/src
2017-04-20 14:07:39,945 [Worker-38] INFO  o.e.m.j.i.AbstractJavaProjectConfigurator - Not adding source folder /pjsf2/src/test/java because it overlaps with /pjsf2/src
2017-04-20 14:07:40,131 [Worker-38] INFO  o.e.m.w.i.f.ResourceFilteringBuildParticipant - Cleaning filtered folder for pjsf2
2017-04-20 14:07:40,136 [Worker-38] INFO  o.e.m.c.i.p.ProjectConfigurationManager - Update completed: 0 sec
2017-04-20 14:07:40,353 [Worker-33] WARN  o.e.m.c.i.embedder.EclipseLogger - Using platform encoding (Cp1252 actually) to copy filtered resources, i.e. build is platform dependent!
2017-04-20 14:07:40,364 [Worker-33] INFO  o.e.m.c.i.embedder.EclipseLogger - skip non existing resourceDirectory C:\Users\Stagiaire\workspaceJSF3\pjsf2\src\main\resources
2017-04-20 14:07:40,366 [Worker-33] WARN  o.e.m.c.i.embedder.EclipseLogger - Using platform encoding (Cp1252 actually) to copy filtered resources, i.e. build is platform dependent!
2017-04-20 14:07:40,385 [Worker-33] INFO  o.e.m.c.i.embedder.EclipseLogger - skip non existing resourceDirectory C:\Users\Stagiaire\workspaceJSF3\pjsf2\src\test\resources
2017-04-20 14:07:40,385 [Worker-33] INFO  o.e.m.w.i.f.ResourceFilteringBuildParticipant - Changed resources require a complete clean of filtered resources of pjsf2
2017-04-20 14:07:40,416 [Worker-33] INFO  o.e.m.w.i.f.ResourceFilteringBuildParticipant - Executing resource filtering for pjsf2
2017-04-20 14:07:40,426 [Worker-33] WARN  o.e.m.c.i.embedder.EclipseLogger - Using platform encoding (Cp1252 actually) to copy filtered resources, i.e. build is platform dependent!
