2017-04-10 11:57:29,126 [Worker-17] INFO  o.e.m.c.i.p.ProjectConfigurationManager - Collecting project info '/pom.xml' C:\Users\Stagiaire\workspaceMaven\my-app\pom.xml
2017-04-10 11:57:37,378 [Worker-17] INFO  o.e.m.c.i.l.LifecycleMappingFactory - Using org.eclipse.m2e.jdt.JarLifecycleMapping lifecycle mapping for MavenProject: com.mycompany.app:my-app:0.0.1-SNAPSHOT @ C:\Users\Stagiaire\workspaceMaven\my-app\pom.xml.
2017-04-10 11:57:39,718 [Worker-17] INFO  o.e.m.j.i.AbstractJavaProjectConfigurator - Adding source folder /my-app/src/main/java
2017-04-10 11:57:39,726 [Worker-17] INFO  o.e.m.j.i.AbstractJavaProjectConfigurator - Adding source folder /my-app/src/test/java
2017-04-10 11:57:40,537 [Worker-17] INFO  o.e.m.c.i.p.ProjectConfigurationManager - Imported and configured 1 project(s) in 11 sec
2017-04-10 11:57:41,730 [Worker-11] INFO  o.e.m.c.i.embedder.EclipseLogger - Using 'UTF-8' encoding to copy filtered resources.
2017-04-10 11:57:41,731 [Worker-11] INFO  o.e.m.c.i.embedder.EclipseLogger - skip non existing resourceDirectory C:\Users\Stagiaire\workspaceMaven\my-app\src\main\resources
2017-04-10 11:57:41,733 [Worker-11] INFO  o.e.m.c.i.embedder.EclipseLogger - Using 'UTF-8' encoding to copy filtered resources.
2017-04-10 11:57:41,733 [Worker-11] INFO  o.e.m.c.i.embedder.EclipseLogger - skip non existing resourceDirectory C:\Users\Stagiaire\workspaceMaven\my-app\src\test\resources
2017-04-10 12:05:47,868 [Worker-25] INFO  o.e.m.c.i.embedder.EclipseLogger - Using 'UTF-8' encoding to copy filtered resources.
2017-04-10 12:05:47,868 [Worker-25] INFO  o.e.m.c.i.embedder.EclipseLogger - skip non existing resourceDirectory C:\Users\Stagiaire\workspaceMaven\my-app\src\main\resources
2017-04-10 12:05:47,869 [Worker-25] INFO  o.e.m.c.i.embedder.EclipseLogger - Using 'UTF-8' encoding to copy filtered resources.
2017-04-10 12:05:47,869 [Worker-25] INFO  o.e.m.c.i.embedder.EclipseLogger - skip non existing resourceDirectory C:\Users\Stagiaire\workspaceMaven\my-app\src\test\resources
2017-04-10 12:06:44,299 [Worker-29] INFO  o.e.m.c.i.embedder.EclipseLogger - Using 'UTF-8' encoding to copy filtered resources.
2017-04-10 12:06:44,299 [Worker-29] INFO  o.e.m.c.i.embedder.EclipseLogger - skip non existing resourceDirectory C:\Users\Stagiaire\workspaceMaven\my-app\src\main\resources
2017-04-10 12:06:44,301 [Worker-29] INFO  o.e.m.c.i.embedder.EclipseLogger - Using 'UTF-8' encoding to copy filtered resources.
2017-04-10 12:06:44,305 [Worker-29] INFO  o.e.m.c.i.embedder.EclipseLogger - skip non existing resourceDirectory C:\Users\Stagiaire\workspaceMaven\my-app\src\test\resources
2017-04-10 12:07:13,892 [Worker-20] INFO  o.e.m.i.launch.MavenLaunchDelegate - C:\Users\Stagiaire\workspaceMaven\my-app
2017-04-10 12:07:13,893 [Worker-20] INFO  o.e.m.i.launch.MavenLaunchDelegate -  mvn -B test
2017-04-10 12:07:17,097 [Worker-25] INFO  o.e.m.c.i.embedder.EclipseLogger - Using 'UTF-8' encoding to copy filtered resources.
2017-04-10 12:07:17,102 [Worker-25] INFO  o.e.m.c.i.embedder.EclipseLogger - skip non existing resourceDirectory C:\Users\Stagiaire\workspaceMaven\my-app\src\main\resources
2017-04-10 12:07:17,107 [Worker-25] INFO  o.e.m.c.i.embedder.EclipseLogger - Using 'UTF-8' encoding to copy filtered resources.
2017-04-10 12:07:17,111 [Worker-25] INFO  o.e.m.c.i.embedder.EclipseLogger - skip non existing resourceDirectory C:\Users\Stagiaire\workspaceMaven\my-app\src\test\resources
2017-04-10 12:09:53,872 [Worker-21] INFO  o.e.m.c.i.embedder.EclipseLogger - Using 'UTF-8' encoding to copy filtered resources.
2017-04-10 12:09:53,883 [Worker-21] INFO  o.e.m.c.i.embedder.EclipseLogger - skip non existing resourceDirectory C:\Users\Stagiaire\workspaceMaven\my-app\src\main\resources
2017-04-10 12:09:53,889 [Worker-21] INFO  o.e.m.c.i.embedder.EclipseLogger - Using 'UTF-8' encoding to copy filtered resources.
2017-04-10 12:09:53,894 [Worker-21] INFO  o.e.m.c.i.embedder.EclipseLogger - skip non existing resourceDirectory C:\Users\Stagiaire\workspaceMaven\my-app\src\test\resources
2017-04-10 12:10:09,236 [Worker-24] INFO  o.e.m.c.i.embedder.EclipseLogger - Using 'UTF-8' encoding to copy filtered resources.
2017-04-10 12:10:09,252 [Worker-24] INFO  o.e.m.c.i.embedder.EclipseLogger - skip non existing resourceDirectory C:\Users\Stagiaire\workspaceMaven\my-app\src\main\resources
2017-04-10 12:10:09,258 [Worker-24] INFO  o.e.m.c.i.embedder.EclipseLogger - Using 'UTF-8' encoding to copy filtered resources.
2017-04-10 12:10:09,262 [Worker-24] INFO  o.e.m.c.i.embedder.EclipseLogger - skip non existing resourceDirectory C:\Users\Stagiaire\workspaceMaven\my-app\src\test\resources
2017-04-10 12:10:16,873 [Worker-29] INFO  o.e.m.i.launch.MavenLaunchDelegate - C:\Users\Stagiaire\workspaceMaven\my-app
2017-04-10 12:10:16,877 [Worker-29] INFO  o.e.m.i.launch.MavenLaunchDelegate -  mvn -B test
2017-04-10 12:11:03,132 [Worker-30] INFO  o.e.m.c.i.embedder.EclipseLogger - Using 'UTF-8' encoding to copy filtered resources.
2017-04-10 12:11:03,137 [Worker-30] INFO  o.e.m.c.i.embedder.EclipseLogger - skip non existing resourceDirectory C:\Users\Stagiaire\workspaceMaven\my-app\src\main\resources
2017-04-10 12:11:03,142 [Worker-30] INFO  o.e.m.c.i.embedder.EclipseLogger - Using 'UTF-8' encoding to copy filtered resources.
2017-04-10 12:11:03,147 [Worker-30] INFO  o.e.m.c.i.embedder.EclipseLogger - skip non existing resourceDirectory C:\Users\Stagiaire\workspaceMaven\my-app\src\test\resources
2017-04-10 12:11:12,175 [Worker-29] INFO  o.e.m.i.launch.MavenLaunchDelegate - C:\Users\Stagiaire\workspaceMaven\my-app
2017-04-10 12:11:12,176 [Worker-29] INFO  o.e.m.i.launch.MavenLaunchDelegate -  mvn -B test
2017-04-10 12:11:18,771 [Worker-21] INFO  o.e.m.c.i.embedder.EclipseLogger - Using 'UTF-8' encoding to copy filtered resources.
2017-04-10 12:11:18,775 [Worker-21] INFO  o.e.m.c.i.embedder.EclipseLogger - skip non existing resourceDirectory C:\Users\Stagiaire\workspaceMaven\my-app\src\main\resources
2017-04-10 12:11:18,781 [Worker-21] INFO  o.e.m.c.i.embedder.EclipseLogger - Using 'UTF-8' encoding to copy filtered resources.
2017-04-10 12:11:18,786 [Worker-21] INFO  o.e.m.c.i.embedder.EclipseLogger - skip non existing resourceDirectory C:\Users\Stagiaire\workspaceMaven\my-app\src\test\resources
2017-04-10 12:16:29,514 [main] INFO  o.e.m2e.actions.ExecutePomAction - Creating new launch configuration
2017-04-10 12:16:54,570 [main] INFO  o.e.m2e.actions.ExecutePomAction - Creating new launch configuration
2017-04-10 12:17:08,059 [main] INFO  o.e.m2e.actions.ExecutePomAction - Creating new launch configuration
2017-04-10 12:17:21,809 [Worker-21] INFO  o.e.m.i.launch.MavenLaunchDelegate - C:\Users\Stagiaire\workspaceMaven\my-app
2017-04-10 12:17:21,817 [Worker-21] INFO  o.e.m.i.launch.MavenLaunchDelegate -  mvn -B package
2017-04-10 12:17:59,273 [Worker-30] INFO  o.e.m.c.i.embedder.EclipseLogger - Using 'UTF-8' encoding to copy filtered resources.
2017-04-10 12:17:59,273 [Worker-30] INFO  o.e.m.c.i.embedder.EclipseLogger - skip non existing resourceDirectory C:\Users\Stagiaire\workspaceMaven\my-app\src\main\resources
2017-04-10 12:17:59,282 [Worker-30] INFO  o.e.m.c.i.embedder.EclipseLogger - Using 'UTF-8' encoding to copy filtered resources.
2017-04-10 12:17:59,289 [Worker-30] INFO  o.e.m.c.i.embedder.EclipseLogger - skip non existing resourceDirectory C:\Users\Stagiaire\workspaceMaven\my-app\src\test\resources
2017-04-10 12:20:18,351 [Worker-36] INFO  o.e.m.i.launch.MavenLaunchDelegate - C:\Users\Stagiaire\workspaceMaven\my-app
2017-04-10 12:20:18,352 [Worker-36] INFO  o.e.m.i.launch.MavenLaunchDelegate -  mvn -B install
2017-04-10 12:20:22,984 [Worker-36] INFO  o.e.m.c.i.embedder.EclipseLogger - Using 'UTF-8' encoding to copy filtered resources.
2017-04-10 12:20:22,984 [Worker-36] INFO  o.e.m.c.i.embedder.EclipseLogger - skip non existing resourceDirectory C:\Users\Stagiaire\workspaceMaven\my-app\src\main\resources
2017-04-10 12:20:22,993 [Worker-36] INFO  o.e.m.c.i.embedder.EclipseLogger - Using 'UTF-8' encoding to copy filtered resources.
2017-04-10 12:20:23,001 [Worker-36] INFO  o.e.m.c.i.embedder.EclipseLogger - skip non existing resourceDirectory C:\Users\Stagiaire\workspaceMaven\my-app\src\test\resources
2017-04-10 12:23:12,703 [main] INFO  o.e.m2e.actions.ExecutePomAction - Creating new launch configuration
2017-04-10 12:23:24,369 [Worker-21] INFO  o.e.m.i.launch.MavenLaunchDelegate - C:\Users\Stagiaire\workspaceMaven\my-app
2017-04-10 12:23:24,378 [Worker-21] INFO  o.e.m.i.launch.MavenLaunchDelegate -  mvn -B deploy
2017-04-10 12:24:02,999 [main] INFO  o.e.m2e.actions.ExecutePomAction - Creating new launch configuration
2017-04-10 12:24:21,666 [Worker-38] INFO  o.e.m.i.launch.MavenLaunchDelegate - C:\Users\Stagiaire\workspaceMaven\my-app
2017-04-10 12:24:21,676 [Worker-38] INFO  o.e.m.i.launch.MavenLaunchDelegate -  mvn -B site
2017-04-10 12:26:45,578 [Worker-42] INFO  o.e.m.c.i.embedder.EclipseLogger - Using 'UTF-8' encoding to copy filtered resources.
2017-04-10 12:26:45,579 [Worker-42] INFO  o.e.m.c.i.embedder.EclipseLogger - skip non existing resourceDirectory C:\Users\Stagiaire\workspaceMaven\my-app\src\main\resources
2017-04-10 12:26:45,590 [Worker-42] INFO  o.e.m.c.i.embedder.EclipseLogger - Using 'UTF-8' encoding to copy filtered resources.
2017-04-10 12:26:45,599 [Worker-42] INFO  o.e.m.c.i.embedder.EclipseLogger - skip non existing resourceDirectory C:\Users\Stagiaire\workspaceMaven\my-app\src\test\resources
2017-04-10 12:27:57,482 [Worker-42] INFO  o.e.m.i.launch.MavenLaunchDelegate - C:\Users\Stagiaire\workspaceMaven\my-app
2017-04-10 12:27:57,482 [Worker-42] INFO  o.e.m.i.launch.MavenLaunchDelegate -  mvn -B clean
2017-04-10 12:27:59,509 [Worker-47] INFO  o.e.m.c.i.embedder.EclipseLogger - Using 'UTF-8' encoding to copy filtered resources.
2017-04-10 12:27:59,509 [Worker-47] INFO  o.e.m.c.i.embedder.EclipseLogger - skip non existing resourceDirectory C:\Users\Stagiaire\workspaceMaven\my-app\src\main\resources
2017-04-10 12:27:59,523 [Worker-47] INFO  o.e.m.c.i.embedder.EclipseLogger - Using 'UTF-8' encoding to copy filtered resources.
2017-04-10 12:27:59,533 [Worker-47] INFO  o.e.m.c.i.embedder.EclipseLogger - skip non existing resourceDirectory C:\Users\Stagiaire\workspaceMaven\my-app\src\test\resources
2017-04-10 13:47:48,183 [Worker-57] INFO  o.e.m.c.i.l.LifecycleMappingFactory - Using org.eclipse.m2e.jdt.JarLifecycleMapping lifecycle mapping for MavenProject: com.mycompany.app:my-app:0.0.1-SNAPSHOT @ C:\Users\Stagiaire\workspaceMaven\my-app\pom.xml.
2017-04-10 13:47:48,565 [Worker-57] INFO  o.e.m.c.i.e.AbstractTransferListenerAdapter - Downloading https://repo.maven.apache.org/maven2/mysql/mysql-connector-java/6.0.6/mysql-connector-java-6.0.6.pom
2017-04-10 13:47:48,620 [Worker-57] INFO  o.e.m.c.i.e.AbstractTransferListenerAdapter - Downloaded https://repo.maven.apache.org/maven2/mysql/mysql-connector-java/6.0.6/mysql-connector-java-6.0.6.pom
2017-04-10 13:47:48,671 [Worker-57] INFO  o.e.m.c.i.e.AbstractTransferListenerAdapter - Downloading https://repo.maven.apache.org/maven2/mysql/mysql-connector-java/6.0.6/mysql-connector-java-6.0.6.jar
2017-04-10 13:47:49,738 [Worker-57] INFO  o.e.m.c.i.e.AbstractTransferListenerAdapter - Downloaded https://repo.maven.apache.org/maven2/mysql/mysql-connector-java/6.0.6/mysql-connector-java-6.0.6.jar
2017-04-10 13:47:50,250 [Worker-57] INFO  o.e.m.c.i.embedder.EclipseLogger - Using 'UTF-8' encoding to copy filtered resources.
2017-04-10 13:47:50,257 [Worker-57] INFO  o.e.m.c.i.embedder.EclipseLogger - skip non existing resourceDirectory C:\Users\Stagiaire\workspaceMaven\my-app\src\main\resources
2017-04-10 13:47:50,267 [Worker-57] INFO  o.e.m.c.i.embedder.EclipseLogger - Using 'UTF-8' encoding to copy filtered resources.
2017-04-10 13:47:50,274 [Worker-57] INFO  o.e.m.c.i.embedder.EclipseLogger - skip non existing resourceDirectory C:\Users\Stagiaire\workspaceMaven\my-app\src\test\resources
2017-04-10 13:47:51,685 [Worker-58] INFO  o.e.m.c.i.embedder.EclipseLogger - Using 'UTF-8' encoding to copy filtered resources.
2017-04-10 13:47:51,692 [Worker-58] INFO  o.e.m.c.i.embedder.EclipseLogger - skip non existing resourceDirectory C:\Users\Stagiaire\workspaceMaven\my-app\src\main\resources
2017-04-10 13:47:51,701 [Worker-58] INFO  o.e.m.c.i.embedder.EclipseLogger - Using 'UTF-8' encoding to copy filtered resources.
2017-04-10 13:47:51,707 [Worker-58] INFO  o.e.m.c.i.embedder.EclipseLogger - skip non existing resourceDirectory C:\Users\Stagiaire\workspaceMaven\my-app\src\test\resources
2017-04-10 13:47:53,241 [Worker-61] INFO  o.e.m.c.i.l.LifecycleMappingFactory - Using org.eclipse.m2e.jdt.JarLifecycleMapping lifecycle mapping for MavenProject: com.mycompany.app:my-app:0.0.1-SNAPSHOT @ C:\Users\Stagiaire\workspaceMaven\my-app\pom.xml.
2017-04-10 13:47:53,471 [Worker-61] INFO  o.e.m.c.i.embedder.EclipseLogger - Using 'UTF-8' encoding to copy filtered resources.
2017-04-10 13:47:53,483 [Worker-61] INFO  o.e.m.c.i.embedder.EclipseLogger - skip non existing resourceDirectory C:\Users\Stagiaire\workspaceMaven\my-app\src\main\resources
2017-04-10 13:47:53,497 [Worker-61] INFO  o.e.m.c.i.embedder.EclipseLogger - Using 'UTF-8' encoding to copy filtered resources.
2017-04-10 13:47:53,497 [Worker-61] INFO  o.e.m.c.i.embedder.EclipseLogger - skip non existing resourceDirectory C:\Users\Stagiaire\workspaceMaven\my-app\src\test\resources
2017-04-10 13:50:05,293 [Worker-60] INFO  o.e.m.c.i.l.LifecycleMappingFactory - Using org.eclipse.m2e.jdt.JarLifecycleMapping lifecycle mapping for MavenProject: com.mycompany.app:my-app:0.0.1-SNAPSHOT @ C:\Users\Stagiaire\workspaceMaven\my-app\pom.xml.
2017-04-10 13:50:05,563 [Worker-60] INFO  o.e.m.c.i.e.AbstractTransferListenerAdapter - Downloaded https://repo.maven.apache.org/maven2/javax/servlet/jsp/jstl/jstl/1.2/jstl-1.2.pom
2017-04-10 13:50:05,569 [Worker-60] WARN  o.e.m.c.i.embedder.EclipseLogger - The POM for javax.servlet.jsp.jstl:jstl:jar:1.2 is missing, no dependency information available
2017-04-10 13:50:05,825 [Worker-60] INFO  o.e.m.c.i.e.AbstractTransferListenerAdapter - Downloaded https://repo.maven.apache.org/maven2/javax/servlet/jsp/jstl/jstl/1.2/jstl-1.2.jar
2017-04-10 13:50:05,933 [Worker-58] WARN  o.e.m.c.i.embedder.EclipseLogger - The POM for javax.servlet.jsp.jstl:jstl:jar:1.2 is missing, no dependency information available
2017-04-10 13:50:05,950 [Worker-58] WARN  o.e.m.c.i.embedder.EclipseLogger - The POM for javax.servlet.jsp.jstl:jstl:jar:1.2 is missing, no dependency information available
2017-04-10 13:50:06,002 [Worker-60] INFO  o.e.m.c.i.embedder.EclipseLogger - Using 'UTF-8' encoding to copy filtered resources.
2017-04-10 13:50:06,002 [Worker-60] INFO  o.e.m.c.i.embedder.EclipseLogger - skip non existing resourceDirectory C:\Users\Stagiaire\workspaceMaven\my-app\src\main\resources
2017-04-10 13:50:06,010 [Worker-60] INFO  o.e.m.c.i.embedder.EclipseLogger - Using 'UTF-8' encoding to copy filtered resources.
2017-04-10 13:50:06,010 [Worker-60] INFO  o.e.m.c.i.embedder.EclipseLogger - skip non existing resourceDirectory C:\Users\Stagiaire\workspaceMaven\my-app\src\test\resources
2017-04-10 13:50:24,065 [Worker-63] INFO  o.e.m.c.i.l.LifecycleMappingFactory - Using org.eclipse.m2e.jdt.JarLifecycleMapping lifecycle mapping for MavenProject: com.mycompany.app:my-app:0.0.1-SNAPSHOT @ C:\Users\Stagiaire\workspaceMaven\my-app\pom.xml.
2017-04-10 13:50:24,356 [Worker-63] INFO  o.e.m.c.i.embedder.EclipseLogger - Using 'UTF-8' encoding to copy filtered resources.
2017-04-10 13:50:24,367 [Worker-63] INFO  o.e.m.c.i.embedder.EclipseLogger - skip non existing resourceDirectory C:\Users\Stagiaire\workspaceMaven\my-app\src\main\resources
2017-04-10 13:50:24,374 [Worker-63] INFO  o.e.m.c.i.embedder.EclipseLogger - Using 'UTF-8' encoding to copy filtered resources.
2017-04-10 13:50:24,383 [Worker-63] INFO  o.e.m.c.i.embedder.EclipseLogger - skip non existing resourceDirectory C:\Users\Stagiaire\workspaceMaven\my-app\src\test\resources
2017-04-10 13:50:25,695 [Worker-64] INFO  o.e.m.c.i.embedder.EclipseLogger - Using 'UTF-8' encoding to copy filtered resources.
2017-04-10 13:50:25,701 [Worker-64] INFO  o.e.m.c.i.embedder.EclipseLogger - skip non existing resourceDirectory C:\Users\Stagiaire\workspaceMaven\my-app\src\main\resources
2017-04-10 13:50:25,707 [Worker-64] INFO  o.e.m.c.i.embedder.EclipseLogger - Using 'UTF-8' encoding to copy filtered resources.
2017-04-10 13:50:25,712 [Worker-64] INFO  o.e.m.c.i.embedder.EclipseLogger - skip non existing resourceDirectory C:\Users\Stagiaire\workspaceMaven\my-app\src\test\resources
2017-04-10 14:45:22,875 [Worker-71] INFO  o.e.m.c.i.l.LifecycleMappingFactory - Using NULL lifecycle mapping for MavenProject: com.mycompany.mavenmulti:monappli:1.0-SNAPSHOT @ C:\Users\Stagiaire\monappli\pom.xml.
2017-04-10 14:45:22,949 [Worker-71] INFO  o.e.m.c.i.l.LifecycleMappingFactory - Using org.eclipse.m2e.jdt.JarLifecycleMapping lifecycle mapping for MavenProject: com.mycompany.mavenmulti:monappli-domaine:1.0-SNAPSHOT @ C:\Users\Stagiaire\monappli\monappli-domaine\pom.xml.
2017-04-10 14:45:23,029 [Worker-71] INFO  o.e.m.c.i.l.LifecycleMappingFactory - Using org.eclipse.m2e.jdt.JarLifecycleMapping lifecycle mapping for MavenProject: com.mycompany.mavenmulti:monappli-service:1.0-SNAPSHOT @ C:\Users\Stagiaire\monappli\monappli-service\pom.xml.
2017-04-10 14:45:23,097 [Worker-71] INFO  o.e.m.c.i.l.LifecycleMappingFactory - Using org.eclipse.m2e.jdt.JarLifecycleMapping lifecycle mapping for MavenProject: com.mycompany.mavenmulti:monappli-dao:1.0-SNAPSHOT @ C:\Users\Stagiaire\monappli\monappli-dao\pom.xml.
2017-04-10 14:45:23,240 [Worker-71] INFO  o.e.m.c.i.l.LifecycleMappingFactory - Using org.maven.ide.eclipse.wtp.WarLifecycleMapping lifecycle mapping for MavenProject: com.mycompany.mavenmulti:monappli-web:1.0-SNAPSHOT @ C:\Users\Stagiaire\monappli\monappli-web\pom.xml.
2017-04-10 14:45:24,605 [Worker-71] INFO  o.e.m.j.i.AbstractJavaProjectConfigurator - Adding source folder /monappli-web/src/main/java
2017-04-10 14:45:24,605 [Worker-71] INFO  o.e.m.j.i.AbstractJavaProjectConfigurator - Adding resource folder /monappli-web/src/main/resources
2017-04-10 14:45:24,637 [Worker-71] INFO  o.e.m.j.i.AbstractJavaProjectConfigurator - Adding source folder /monappli-web/src/test/java
2017-04-10 14:45:27,082 [Worker-71] INFO  o.e.m.j.i.AbstractJavaProjectConfigurator - Adding source folder /monappli-dao/src/main/java
2017-04-10 14:45:27,094 [Worker-71] INFO  o.e.m.j.i.AbstractJavaProjectConfigurator - Adding source folder /monappli-dao/src/test/java
2017-04-10 14:45:27,201 [Worker-71] INFO  o.e.m.j.i.AbstractJavaProjectConfigurator - Adding source folder /monappli-domaine/src/main/java
2017-04-10 14:45:27,212 [Worker-71] INFO  o.e.m.j.i.AbstractJavaProjectConfigurator - Adding source folder /monappli-domaine/src/test/java
2017-04-10 14:45:27,396 [Worker-71] INFO  o.e.m.j.i.AbstractJavaProjectConfigurator - Adding source folder /monappli-service/src/main/java
2017-04-10 14:45:27,423 [Worker-71] INFO  o.e.m.j.i.AbstractJavaProjectConfigurator - Adding source folder /monappli-service/src/test/java
2017-04-10 14:45:27,506 [Worker-71] INFO  o.e.m.c.i.p.ProjectConfigurationManager - Imported and configured 5 project(s) in 4 sec
2017-04-10 14:45:28,674 [Worker-76] INFO  o.e.m.c.i.embedder.EclipseLogger - Using 'UTF-8' encoding to copy filtered resources.
2017-04-10 14:45:28,675 [Worker-76] INFO  o.e.m.c.i.embedder.EclipseLogger - skip non existing resourceDirectory C:\Users\Stagiaire\monappli\monappli-dao\src\main\resources
2017-04-10 14:45:28,686 [Worker-76] INFO  o.e.m.c.i.embedder.EclipseLogger - Using 'UTF-8' encoding to copy filtered resources.
2017-04-10 14:45:28,693 [Worker-76] INFO  o.e.m.c.i.embedder.EclipseLogger - skip non existing resourceDirectory C:\Users\Stagiaire\monappli\monappli-dao\src\test\resources
2017-04-10 14:45:28,825 [Worker-76] INFO  o.e.m.c.i.embedder.EclipseLogger - Using 'UTF-8' encoding to copy filtered resources.
2017-04-10 14:45:28,825 [Worker-76] INFO  o.e.m.c.i.embedder.EclipseLogger - skip non existing resourceDirectory C:\Users\Stagiaire\monappli\monappli-domaine\src\main\resources
2017-04-10 14:45:28,831 [Worker-76] INFO  o.e.m.c.i.embedder.EclipseLogger - Using 'UTF-8' encoding to copy filtered resources.
2017-04-10 14:45:28,831 [Worker-76] INFO  o.e.m.c.i.embedder.EclipseLogger - skip non existing resourceDirectory C:\Users\Stagiaire\monappli\monappli-domaine\src\test\resources
2017-04-10 14:45:29,188 [Worker-77] INFO  o.e.m.c.i.embedder.EclipseLogger - Using 'UTF-8' encoding to copy filtered resources.
2017-04-10 14:45:29,189 [Worker-77] INFO  o.e.m.c.i.embedder.EclipseLogger - skip non existing resourceDirectory C:\Users\Stagiaire\monappli\monappli-service\src\main\resources
2017-04-10 14:45:29,231 [Worker-77] INFO  o.e.m.c.i.embedder.EclipseLogger - Using 'UTF-8' encoding to copy filtered resources.
2017-04-10 14:45:29,231 [Worker-77] INFO  o.e.m.c.i.embedder.EclipseLogger - skip non existing resourceDirectory C:\Users\Stagiaire\monappli\monappli-service\src\test\resources
2017-04-10 14:45:29,308 [Worker-77] INFO  o.e.m.c.i.embedder.EclipseLogger - Using 'UTF-8' encoding to copy filtered resources.
2017-04-10 14:45:29,312 [Worker-77] INFO  o.e.m.c.i.embedder.EclipseLogger - Copying 0 resource
2017-04-10 14:45:29,402 [Worker-77] INFO  o.e.m.c.i.embedder.EclipseLogger - Using 'UTF-8' encoding to copy filtered resources.
2017-04-10 14:45:29,403 [Worker-77] INFO  o.e.m.c.i.embedder.EclipseLogger - skip non existing resourceDirectory C:\Users\Stagiaire\monappli\monappli-web\src\test\resources
